Arguments: 
  /Users/arthurlevoyer/.nvm/versions/node/v8.4.0/bin/node /usr/local/bin/yarn

PATH: 
  /Users/arthurlevoyer/.rvm/gems/ruby-2.3.3/bin:/Users/arthurlevoyer/.rvm/gems/ruby-2.3.3@global/bin:/Users/arthurlevoyer/.rvm/rubies/ruby-2.3.3/bin:/Users/arthurlevoyer/.nvm/versions/node/v8.4.0/bin:/usr/local/bin:/usr/local/sbin:/Users/arthurlevoyer/Library/Android/sdk/platform-tools:/Users/arthurlevoyer/Library/Android/sdk/tools:/Users/arthurlevoyer/bin:/usr/local/bin:/usr/local/bin:/usr/bin:/bin:/usr/sbin:/sbin:/Users/arthurlevoyer/.rvm/gems/ruby-2.3.3/bin:/Users/arthurlevoyer/.rvm/gems/ruby-2.3.3@global/bin:/Users/arthurlevoyer/.rvm/rubies/ruby-2.3.3/bin:/usr/local/sbin:/Users/arthurlevoyer/Library/Android/sdk/platform-tools:/Users/arthurlevoyer/Library/Android/sdk/tools:/Users/arthurlevoyer/bin:/Users/arthurlevoyer/.rvm/bin:/Users/arthurlevoyer/.rvm/bin:/Users/arthurlevoyer/.nvm/versions/node/v8.4.0/bin/

Yarn version: 
  0.27.5

Node version: 
  8.4.0

Platform: 
  darwin x64

npm manifest: 
  {
    "main": "node_modules/expo/AppEntry.js",
    "private": true,
    "dependencies": {
      "expo": "^25.0.0",
      "react": "16.2.0",
      "react-native": "https://github.com/expo/react-native/archive/sdk-25.0.0.tar.gz"
    }
  }

yarn manifest: 
  No manifest

Lockfile: 
  # THIS IS AN AUTOGENERATED FILE. DO NOT EDIT THIS FILE DIRECTLY.
  # yarn lockfile v1

Trace: 
  Error: connect ENETUNREACH 52.212.39.239:4873 - Local (0.0.0.0:64778)
      at Object._errnoException (util.js:1041:11)
      at _exceptionWithHostPort (util.js:1064:20)
      at internalConnect (net.js:941:16)
      at net.js:1036:9
      at _combinedTickCallback (internal/process/next_tick.js:131:7)
      at process._tickCallback (internal/process/next_tick.js:180:9)
